
***** Running training *****
  Num examples = 3665
  Num Epochs = 7
  Total train batch size = 8
  learning_rate = 0.000020
  Gradient Accumulation steps = 1
  Total optimization steps = 3213
  Logging steps = 100
  Save steps = 100
***** Running evaluation on dev dataset (100 step) *****
***** Eval results on dev dataset *****
  acc = 0.6271428571428571
***** Running evaluation on dev dataset (200 step) *****
***** Eval results on dev dataset *****
  acc = 0.7085714285714285
***** Running evaluation on dev dataset (300 step) *****
***** Eval results on dev dataset *****
  acc = 0.77
***** Running evaluation on dev dataset (400 step) *****
***** Eval results on dev dataset *****
  acc = 0.7885714285714286
***** Running evaluation on dev dataset (500 step) *****
***** Eval results on dev dataset *****
  acc = 0.7857142857142857
***** Running evaluation on dev dataset (600 step) *****
***** Eval results on dev dataset *****
  acc = 0.8114285714285714
***** Running evaluation on dev dataset (700 step) *****
***** Eval results on dev dataset *****
  acc = 0.8014285714285714
***** Running evaluation on dev dataset (800 step) *****
***** Eval results on dev dataset *****
  acc = 0.8071428571428572
***** Running evaluation on dev dataset (900 step) *****
***** Eval results on dev dataset *****
  acc = 0.7971428571428572
***** Running evaluation on dev dataset (1000 step) *****
***** Eval results on dev dataset *****
  acc = 0.7885714285714286
***** Running evaluation on dev dataset (1100 step) *****
***** Eval results on dev dataset *****
  acc = 0.7957142857142857
***** Running evaluation on dev dataset (1200 step) *****
***** Eval results on dev dataset *****
  acc = 0.8057142857142857
***** Running evaluation on dev dataset (1300 step) *****
***** Eval results on dev dataset *****
  acc = 0.8028571428571428
***** Running evaluation on dev dataset (1400 step) *****
***** Eval results on dev dataset *****
  acc = 0.8042857142857143
***** Running evaluation on dev dataset (1500 step) *****
***** Eval results on dev dataset *****
  acc = 0.8257142857142857
***** Running evaluation on dev dataset (1600 step) *****
***** Eval results on dev dataset *****
  acc = 0.8
***** Running evaluation on dev dataset (1700 step) *****
***** Eval results on dev dataset *****
  acc = 0.8257142857142857
***** Running evaluation on dev dataset (1800 step) *****
***** Eval results on dev dataset *****
  acc = 0.8228571428571428
***** Running evaluation on dev dataset (1900 step) *****
***** Eval results on dev dataset *****
  acc = 0.8214285714285714
***** Running evaluation on dev dataset (2000 step) *****
***** Eval results on dev dataset *****
  acc = 0.8171428571428572
***** Running evaluation on dev dataset (2100 step) *****
***** Eval results on dev dataset *****
  acc = 0.82
***** Running evaluation on dev dataset (2200 step) *****
***** Eval results on dev dataset *****
  acc = 0.8128571428571428
***** Running evaluation on dev dataset (2300 step) *****
***** Eval results on dev dataset *****
  acc = 0.8185714285714286
***** Running evaluation on dev dataset (2400 step) *****
***** Eval results on dev dataset *****
  acc = 0.8242857142857143
***** Running evaluation on dev dataset (2500 step) *****
***** Eval results on dev dataset *****
  acc = 0.8257142857142857
***** Running evaluation on dev dataset (2600 step) *****
***** Eval results on dev dataset *****
  acc = 0.8242857142857143
***** Running evaluation on dev dataset (2700 step) *****
***** Eval results on dev dataset *****
  acc = 0.82
***** Running evaluation on dev dataset (2800 step) *****
***** Eval results on dev dataset *****
  acc = 0.8228571428571428
***** Running evaluation on dev dataset (2900 step) *****
***** Eval results on dev dataset *****
  acc = 0.82
***** Running evaluation on dev dataset (3000 step) *****
***** Eval results on dev dataset *****
  acc = 0.8214285714285714
***** Running evaluation on dev dataset (3100 step) *****
***** Eval results on dev dataset *****
  acc = 0.8214285714285714
***** Running evaluation on dev dataset (3200 step) *****
***** Eval results on dev dataset *****
  acc = 0.8214285714285714
 global_step = 3213, average loss = 0.19037237333903687
***** Running evaluation on dev dataset (3213 step) *****
***** Eval results on dev dataset *****
  acc = 0.8214285714285714
***** Running training *****
  Num examples = 3665
  Num Epochs = 7
  Total train batch size = 4
  learning_rate = 0.000010
  Gradient Accumulation steps = 1
  Total optimization steps = 6419
  Logging steps = 100
  Save steps = 100
***** Running evaluation on dev dataset (100 step) *****
***** Eval results on dev dataset *****
  acc = 0.5342857142857143
***** Running evaluation on dev dataset (200 step) *****
***** Eval results on dev dataset *****
  acc = 0.5414285714285715
***** Running evaluation on dev dataset (300 step) *****
***** Eval results on dev dataset *****
  acc = 0.6585714285714286
***** Running evaluation on dev dataset (400 step) *****
***** Eval results on dev dataset *****
  acc = 0.7414285714285714
***** Running evaluation on dev dataset (500 step) *****
***** Eval results on dev dataset *****
  acc = 0.7328571428571429
***** Running evaluation on dev dataset (600 step) *****
***** Eval results on dev dataset *****
  acc = 0.77
***** Running evaluation on dev dataset (700 step) *****
***** Eval results on dev dataset *****
  acc = 0.7671428571428571
***** Running evaluation on dev dataset (800 step) *****
***** Eval results on dev dataset *****
  acc = 0.78
***** Running evaluation on dev dataset (900 step) *****
***** Eval results on dev dataset *****
  acc = 0.7785714285714286
***** Running evaluation on dev dataset (1000 step) *****
***** Eval results on dev dataset *****
  acc = 0.77
***** Running evaluation on dev dataset (1100 step) *****
***** Eval results on dev dataset *****
  acc = 0.7814285714285715
***** Running evaluation on dev dataset (1200 step) *****
***** Eval results on dev dataset *****
  acc = 0.78
***** Running evaluation on dev dataset (1300 step) *****
***** Eval results on dev dataset *****
  acc = 0.79
***** Running evaluation on dev dataset (1400 step) *****
***** Eval results on dev dataset *****
  acc = 0.8014285714285714
***** Running evaluation on dev dataset (1500 step) *****
***** Eval results on dev dataset *****
  acc = 0.7985714285714286
***** Running evaluation on dev dataset (1600 step) *****
***** Eval results on dev dataset *****
  acc = 0.7971428571428572
***** Running evaluation on dev dataset (1700 step) *****
***** Eval results on dev dataset *****
  acc = 0.8
***** Running evaluation on dev dataset (1800 step) *****
***** Eval results on dev dataset *****
  acc = 0.7857142857142857
***** Running evaluation on dev dataset (1900 step) *****
***** Eval results on dev dataset *****
  acc = 0.7957142857142857
***** Running evaluation on dev dataset (2000 step) *****
***** Eval results on dev dataset *****
  acc = 0.7885714285714286
***** Running evaluation on dev dataset (2100 step) *****
***** Eval results on dev dataset *****
  acc = 0.7914285714285715
***** Running evaluation on dev dataset (2200 step) *****
***** Eval results on dev dataset *****
  acc = 0.79
***** Running evaluation on dev dataset (2300 step) *****
***** Eval results on dev dataset *****
  acc = 0.7957142857142857
***** Running evaluation on dev dataset (2400 step) *****
***** Eval results on dev dataset *****
  acc = 0.8057142857142857
***** Running evaluation on dev dataset (2500 step) *****
***** Eval results on dev dataset *****
  acc = 0.8057142857142857
***** Running evaluation on dev dataset (2600 step) *****
***** Eval results on dev dataset *****
  acc = 0.79
***** Running evaluation on dev dataset (2700 step) *****
***** Eval results on dev dataset *****
  acc = 0.8014285714285714
***** Running evaluation on dev dataset (2800 step) *****
***** Eval results on dev dataset *****
  acc = 0.8071428571428572
***** Running evaluation on dev dataset (2900 step) *****
***** Eval results on dev dataset *****
  acc = 0.8042857142857143
***** Running evaluation on dev dataset (3000 step) *****
***** Eval results on dev dataset *****
  acc = 0.8057142857142857
***** Running evaluation on dev dataset (3100 step) *****
***** Eval results on dev dataset *****
  acc = 0.8057142857142857
***** Running evaluation on dev dataset (3200 step) *****
***** Eval results on dev dataset *****
  acc = 0.7971428571428572
***** Running evaluation on dev dataset (3300 step) *****
***** Eval results on dev dataset *****
  acc = 0.8114285714285714
***** Running evaluation on dev dataset (3400 step) *****
***** Eval results on dev dataset *****
  acc = 0.8028571428571428
***** Running evaluation on dev dataset (3500 step) *****
***** Eval results on dev dataset *****
  acc = 0.8
***** Running evaluation on dev dataset (3600 step) *****
***** Eval results on dev dataset *****
  acc = 0.8071428571428572
***** Running evaluation on dev dataset (3700 step) *****
***** Eval results on dev dataset *****
  acc = 0.8085714285714286
***** Running evaluation on dev dataset (3800 step) *****
***** Eval results on dev dataset *****
  acc = 0.8085714285714286
***** Running evaluation on dev dataset (3900 step) *****
***** Eval results on dev dataset *****
  acc = 0.8028571428571428
***** Running evaluation on dev dataset (4000 step) *****
***** Eval results on dev dataset *****
  acc = 0.8028571428571428
***** Running evaluation on dev dataset (4100 step) *****
***** Eval results on dev dataset *****
  acc = 0.8057142857142857
***** Running evaluation on dev dataset (4200 step) *****
***** Eval results on dev dataset *****
  acc = 0.8071428571428572
***** Running evaluation on dev dataset (4300 step) *****
***** Eval results on dev dataset *****
  acc = 0.8057142857142857
***** Running evaluation on dev dataset (4400 step) *****
***** Eval results on dev dataset *****
  acc = 0.81
***** Running evaluation on dev dataset (4500 step) *****
***** Eval results on dev dataset *****
  acc = 0.8085714285714286
***** Running evaluation on dev dataset (4600 step) *****
***** Eval results on dev dataset *****
  acc = 0.8085714285714286
***** Running evaluation on dev dataset (4700 step) *****
***** Eval results on dev dataset *****
  acc = 0.8085714285714286
***** Running evaluation on dev dataset (4800 step) *****
***** Eval results on dev dataset *****
  acc = 0.8128571428571428
***** Running evaluation on dev dataset (4900 step) *****
***** Eval results on dev dataset *****
  acc = 0.8142857142857143
***** Running evaluation on dev dataset (5000 step) *****
***** Eval results on dev dataset *****
  acc = 0.8057142857142857
***** Running evaluation on dev dataset (5100 step) *****
***** Eval results on dev dataset *****
  acc = 0.8128571428571428
***** Running evaluation on dev dataset (5200 step) *****
***** Eval results on dev dataset *****
  acc = 0.8057142857142857
***** Running evaluation on dev dataset (5300 step) *****
***** Eval results on dev dataset *****
  acc = 0.8085714285714286
***** Running evaluation on dev dataset (5400 step) *****
***** Eval results on dev dataset *****
  acc = 0.8157142857142857
***** Running evaluation on dev dataset (5500 step) *****
***** Eval results on dev dataset *****
  acc = 0.8071428571428572
***** Running evaluation on dev dataset (5600 step) *****
***** Eval results on dev dataset *****
  acc = 0.8042857142857143
***** Running evaluation on dev dataset (5700 step) *****
***** Eval results on dev dataset *****
  acc = 0.8071428571428572
***** Running evaluation on dev dataset (5800 step) *****
***** Eval results on dev dataset *****
  acc = 0.8057142857142857
***** Running evaluation on dev dataset (5900 step) *****
***** Eval results on dev dataset *****
  acc = 0.81
***** Running training *****
  Num examples = 3665
  Num Epochs = 7
  Total train batch size = 4
  learning_rate = 0.000010
  Gradient Accumulation steps = 1
  Total optimization steps = 6419
  Logging steps = 100
  Save steps = 100
***** Running evaluation on dev dataset (100 step) *****
***** Eval results on dev dataset *****
  acc = 0.5342857142857143
***** Running evaluation on dev dataset (200 step) *****
***** Eval results on dev dataset *****
  acc = 0.5342857142857143
***** Running evaluation on dev dataset (300 step) *****
***** Eval results on dev dataset *****
  acc = 0.58
***** Running evaluation on dev dataset (400 step) *****
***** Eval results on dev dataset *****
  acc = 0.7442857142857143
***** Running evaluation on dev dataset (500 step) *****
***** Eval results on dev dataset *****
  acc = 0.7514285714285714
***** Running evaluation on dev dataset (600 step) *****
***** Eval results on dev dataset *****
  acc = 0.7628571428571429
***** Running evaluation on dev dataset (700 step) *****
***** Eval results on dev dataset *****
  acc = 0.7728571428571429
***** Running evaluation on dev dataset (800 step) *****
***** Eval results on dev dataset *****
  acc = 0.7842857142857143
***** Running evaluation on dev dataset (900 step) *****
***** Eval results on dev dataset *****
  acc = 0.7914285714285715
***** Running evaluation on dev dataset (1000 step) *****
***** Eval results on dev dataset *****
  acc = 0.7828571428571428
***** Running evaluation on dev dataset (1100 step) *****
***** Eval results on dev dataset *****
  acc = 0.7814285714285715
***** Running evaluation on dev dataset (1200 step) *****
***** Eval results on dev dataset *****
  acc = 0.79
***** Running evaluation on dev dataset (1300 step) *****
***** Eval results on dev dataset *****
  acc = 0.7928571428571428
***** Running evaluation on dev dataset (1400 step) *****
***** Eval results on dev dataset *****
  acc = 0.8028571428571428
***** Running evaluation on dev dataset (1500 step) *****
***** Eval results on dev dataset *****
  acc = 0.7971428571428572
***** Running evaluation on dev dataset (1600 step) *****
***** Eval results on dev dataset *****
  acc = 0.8042857142857143
***** Running evaluation on dev dataset (1700 step) *****
***** Eval results on dev dataset *****
  acc = 0.8171428571428572
***** Running evaluation on dev dataset (1800 step) *****
***** Eval results on dev dataset *****
  acc = 0.8114285714285714
***** Running evaluation on dev dataset (1900 step) *****
***** Eval results on dev dataset *****
  acc = 0.81
***** Running evaluation on dev dataset (2000 step) *****
***** Eval results on dev dataset *****
  acc = 0.8114285714285714
***** Running evaluation on dev dataset (2100 step) *****
***** Eval results on dev dataset *****
  acc = 0.8157142857142857
***** Running evaluation on dev dataset (2200 step) *****
***** Eval results on dev dataset *****
  acc = 0.8085714285714286
***** Running evaluation on dev dataset (2300 step) *****
***** Eval results on dev dataset *****
  acc = 0.8242857142857143
***** Running evaluation on dev dataset (2400 step) *****
***** Eval results on dev dataset *****
  acc = 0.8228571428571428
***** Running evaluation on dev dataset (2500 step) *****
***** Eval results on dev dataset *****
  acc = 0.8257142857142857
***** Running evaluation on dev dataset (2600 step) *****
***** Eval results on dev dataset *****
  acc = 0.8142857142857143
***** Running evaluation on dev dataset (2700 step) *****
***** Eval results on dev dataset *****
  acc = 0.8171428571428572
***** Running evaluation on dev dataset (2800 step) *****
***** Eval results on dev dataset *****
  acc = 0.8171428571428572
***** Running evaluation on dev dataset (2900 step) *****
***** Eval results on dev dataset *****
  acc = 0.8228571428571428
***** Running evaluation on dev dataset (3000 step) *****
***** Eval results on dev dataset *****
  acc = 0.8142857142857143
***** Running training *****
  Num examples = 3665
  Num Epochs = 7
  Total train batch size = 8
  learning_rate = 0.000020
  Gradient Accumulation steps = 1
  Total optimization steps = 3213
  Logging steps = 100
  Save steps = 100
***** Running evaluation on dev dataset (100 step) *****
***** Eval results on dev dataset *****
  acc = 0.57
***** Running evaluation on dev dataset (200 step) *****
***** Eval results on dev dataset *****
  acc = 0.7685714285714286
***** Running evaluation on dev dataset (300 step) *****
***** Eval results on dev dataset *****
  acc = 0.7771428571428571
***** Running evaluation on dev dataset (400 step) *****
***** Eval results on dev dataset *****
  acc = 0.8085714285714286
***** Running evaluation on dev dataset (500 step) *****
***** Eval results on dev dataset *****
  acc = 0.8071428571428572
***** Running evaluation on dev dataset (600 step) *****
***** Eval results on dev dataset *****
  acc = 0.8085714285714286
***** Running evaluation on dev dataset (700 step) *****
***** Eval results on dev dataset *****
  acc = 0.8071428571428572
***** Running evaluation on dev dataset (800 step) *****
***** Eval results on dev dataset *****
  acc = 0.8157142857142857
***** Running evaluation on dev dataset (900 step) *****
***** Eval results on dev dataset *****
  acc = 0.8142857142857143
***** Running evaluation on dev dataset (1000 step) *****
***** Eval results on dev dataset *****
  acc = 0.8142857142857143
***** Running evaluation on dev dataset (1100 step) *****
***** Eval results on dev dataset *****
  acc = 0.8157142857142857
***** Running evaluation on dev dataset (1200 step) *****
***** Eval results on dev dataset *****
  acc = 0.8128571428571428
***** Running evaluation on dev dataset (1300 step) *****
***** Eval results on dev dataset *****
  acc = 0.8042857142857143
***** Running training *****
  Num examples = 3665
  Num Epochs = 7
  Total train batch size = 8
  learning_rate = 0.000020
  Gradient Accumulation steps = 1
  Total optimization steps = 3213
  Logging steps = 100
  Save steps = 100
***** Running evaluation on dev dataset (100 step) *****
***** Eval results on dev dataset *****
  acc = 0.57
***** Running evaluation on dev dataset (200 step) *****
***** Eval results on dev dataset *****
  acc = 0.7685714285714286
***** Running evaluation on dev dataset (300 step) *****
***** Eval results on dev dataset *****
  acc = 0.7771428571428571
***** Running evaluation on dev dataset (400 step) *****
***** Eval results on dev dataset *****
  acc = 0.8085714285714286
***** Running evaluation on dev dataset (500 step) *****
***** Eval results on dev dataset *****
  acc = 0.8071428571428572
***** Running evaluation on dev dataset (600 step) *****
***** Eval results on dev dataset *****
  acc = 0.8085714285714286
***** Running evaluation on dev dataset (700 step) *****
***** Eval results on dev dataset *****
  acc = 0.8071428571428572
***** Running evaluation on dev dataset (800 step) *****
***** Eval results on dev dataset *****
  acc = 0.8157142857142857
***** Running evaluation on dev dataset (900 step) *****
***** Eval results on dev dataset *****
  acc = 0.8142857142857143
***** Running evaluation on dev dataset (1000 step) *****
***** Eval results on dev dataset *****
  acc = 0.8142857142857143
***** Running evaluation on dev dataset (1100 step) *****
***** Eval results on dev dataset *****
  acc = 0.8157142857142857
***** Running evaluation on dev dataset (1200 step) *****
***** Eval results on dev dataset *****
  acc = 0.8128571428571428
***** Running evaluation on dev dataset (1300 step) *****
***** Eval results on dev dataset *****
  acc = 0.8042857142857143
***** Running evaluation on dev dataset (1400 step) *****
***** Eval results on dev dataset *****
  acc = 0.8128571428571428
***** Running evaluation on dev dataset (1500 step) *****
***** Eval results on dev dataset *****
  acc = 0.8185714285714286
***** Running evaluation on dev dataset (1600 step) *****
***** Eval results on dev dataset *****
  acc = 0.82
***** Running evaluation on dev dataset (1700 step) *****
***** Eval results on dev dataset *****
  acc = 0.8157142857142857
***** Running evaluation on dev dataset (1800 step) *****
***** Eval results on dev dataset *****
  acc = 0.83
***** Running evaluation on dev dataset (1900 step) *****
***** Eval results on dev dataset *****
  acc = 0.8328571428571429
***** Running evaluation on dev dataset (2000 step) *****
***** Eval results on dev dataset *****
  acc = 0.8314285714285714
***** Running evaluation on dev dataset (2100 step) *****
***** Eval results on dev dataset *****
  acc = 0.82
***** Running evaluation on dev dataset (2200 step) *****
***** Eval results on dev dataset *****
  acc = 0.8257142857142857
***** Running evaluation on dev dataset (2300 step) *****
***** Eval results on dev dataset *****
  acc = 0.8371428571428572
***** Running evaluation on dev dataset (2400 step) *****
***** Eval results on dev dataset *****
  acc = 0.8285714285714286
***** Running evaluation on dev dataset (2500 step) *****
***** Eval results on dev dataset *****
  acc = 0.8214285714285714
***** Running evaluation on dev dataset (2600 step) *****
***** Eval results on dev dataset *****
  acc = 0.8314285714285714
***** Running evaluation on dev dataset (2700 step) *****
***** Eval results on dev dataset *****
  acc = 0.8342857142857143
***** Running evaluation on dev dataset (2800 step) *****
***** Eval results on dev dataset *****
  acc = 0.8357142857142857
***** Running evaluation on dev dataset (2900 step) *****
***** Eval results on dev dataset *****
  acc = 0.8228571428571428
***** Running evaluation on dev dataset (3000 step) *****
***** Eval results on dev dataset *****
  acc = 0.82
***** Running evaluation on dev dataset (3100 step) *****
***** Eval results on dev dataset *****
  acc = 0.8214285714285714
***** Running evaluation on dev dataset (3200 step) *****
***** Eval results on dev dataset *****
  acc = 0.8228571428571428
 global_step = 3213, average loss = 0.17861774980293896
***** Running evaluation on dev dataset (3213 step) *****
***** Eval results on dev dataset *****
  acc = 0.8228571428571428
